["2025-10-30 08:42:59"] Starting Zero-Defect data refresh
["2025-10-30 08:42:59"] Fetching Jira bugs...
python3: can't open file '/home/runner/work/ai-zero-defect-qa-toolkit/ai-zero-defect-qa-toolkit/fetch_mcp_bugs.py': [Errno 2] No such file or directory
["2025-10-30 08:42:59"] Fetching GitHub PR matches (last 2y)...
python3: can't open file '/home/runner/work/ai-zero-defect-qa-toolkit/ai-zero-defect-qa-toolkit/fetch_github_prs_last_2y.py': [Errno 2] No such file or directory
["2025-10-30 08:42:59"] Joining bugs with PRs...
Wrote joined CSV: /home/runner/work/ai-zero-defect-qa-toolkit/ai-zero-defect-qa-toolkit/public/bug_with_pr_link.csv
["2025-10-30 08:42:59"] Generating KPIs...
python3: can't open file '/home/runner/work/ai-zero-defect-qa-toolkit/ai-zero-defect-qa-toolkit/zero-defect-dashboard/generate_kpis_from_join.py': [Errno 2] No such file or directory
["2025-10-30 08:42:59"] Refresh complete
["2025-10-30 09:14:03"] Starting Zero-Defect data refresh
["2025-10-30 09:14:03"] Fetching Jira bugs...
python3: can't open file '/home/runner/work/ai-zero-defect-qa-toolkit/ai-zero-defect-qa-toolkit/fetch_mcp_bugs.py': [Errno 2] No such file or directory
["2025-10-30 09:14:03"] Fetching GitHub PR matches (last 2y)...
python3: can't open file '/home/runner/work/ai-zero-defect-qa-toolkit/ai-zero-defect-qa-toolkit/fetch_github_prs_last_2y.py': [Errno 2] No such file or directory
["2025-10-30 09:14:03"] Joining bugs with PRs...
Wrote joined CSV: /home/runner/work/ai-zero-defect-qa-toolkit/ai-zero-defect-qa-toolkit/public/bug_with_pr_link.csv
["2025-10-30 09:14:03"] Generating KPIs...
python3: can't open file '/home/runner/work/ai-zero-defect-qa-toolkit/ai-zero-defect-qa-toolkit/zero-defect-dashboard/generate_kpis_from_join.py': [Errno 2] No such file or directory
["2025-10-30 09:14:03"] Refresh complete
["2025-10-30 09:35:28"] Starting Zero-Defect data refresh
["2025-10-30 09:35:28"] Fetching Jira bugs...
python3: can't open file '/home/runner/work/ai-zero-defect-qa-toolkit/ai-zero-defect-qa-toolkit/fetch_mcp_bugs.py': [Errno 2] No such file or directory
["2025-10-30 09:35:28"] Fetching GitHub PR matches (last 2y)...
python3: can't open file '/home/runner/work/ai-zero-defect-qa-toolkit/ai-zero-defect-qa-toolkit/fetch_github_prs_last_2y.py': [Errno 2] No such file or directory
["2025-10-30 09:35:28"] Joining bugs with PRs...
Wrote joined CSV: /home/runner/work/ai-zero-defect-qa-toolkit/ai-zero-defect-qa-toolkit/public/bug_with_pr_link.csv
["2025-10-30 09:35:28"] Generating KPIs...
python3: can't open file '/home/runner/work/ai-zero-defect-qa-toolkit/ai-zero-defect-qa-toolkit/zero-defect-dashboard/generate_kpis_from_join.py': [Errno 2] No such file or directory
["2025-10-30 09:35:28"] Refresh complete
["2025-10-30 09:52:07"] Starting Zero-Defect data refresh
["2025-10-30 09:52:07"] Fetching Jira bugs...
python3: can't open file '/home/runner/work/ai-zero-defect-qa-toolkit/ai-zero-defect-qa-toolkit/fetch_mcp_bugs.py': [Errno 2] No such file or directory
["2025-10-30 09:52:07"] Fetching GitHub PR matches (last 2y)...
python3: can't open file '/home/runner/work/ai-zero-defect-qa-toolkit/ai-zero-defect-qa-toolkit/fetch_github_prs_last_2y.py': [Errno 2] No such file or directory
["2025-10-30 09:52:07"] Joining bugs with PRs...
Wrote joined CSV: /home/runner/work/ai-zero-defect-qa-toolkit/ai-zero-defect-qa-toolkit/public/bug_with_pr_link.csv
["2025-10-30 09:52:07"] Generating KPIs...
python3: can't open file '/home/runner/work/ai-zero-defect-qa-toolkit/ai-zero-defect-qa-toolkit/zero-defect-dashboard/generate_kpis_from_join.py': [Errno 2] No such file or directory
["2025-10-30 09:52:07"] Refresh complete
["2025-10-30 10:25:35"] Starting Zero-Defect data refresh
["2025-10-30 10:25:35"] Fetching Jira bugs...
python3: can't open file '/home/runner/work/ai-zero-defect-qa-toolkit/ai-zero-defect-qa-toolkit/fetch_mcp_bugs.py': [Errno 2] No such file or directory
["2025-10-30 10:25:35"] Fetching GitHub PR matches (last 2y)...
python3: can't open file '/home/runner/work/ai-zero-defect-qa-toolkit/ai-zero-defect-qa-toolkit/fetch_github_prs_last_2y.py': [Errno 2] No such file or directory
["2025-10-30 10:25:35"] Joining bugs with PRs...
Wrote joined CSV: /home/runner/work/ai-zero-defect-qa-toolkit/ai-zero-defect-qa-toolkit/public/bug_with_pr_link.csv
["2025-10-30 10:25:35"] Generating KPIs...
python3: can't open file '/home/runner/work/ai-zero-defect-qa-toolkit/ai-zero-defect-qa-toolkit/zero-defect-dashboard/generate_kpis_from_join.py': [Errno 2] No such file or directory
["2025-10-30 10:25:35"] Refresh complete
["2025-10-30 10:46:02"] Starting Zero-Defect data refresh
["2025-10-30 10:46:02"] Fetching Jira bugs...
python3: can't open file '/home/runner/work/ai-zero-defect-qa-toolkit/ai-zero-defect-qa-toolkit/fetch_mcp_bugs.py': [Errno 2] No such file or directory
["2025-10-30 10:46:02"] Fetching GitHub PR matches (last 2y)...
python3: can't open file '/home/runner/work/ai-zero-defect-qa-toolkit/ai-zero-defect-qa-toolkit/fetch_github_prs_last_2y.py': [Errno 2] No such file or directory
["2025-10-30 10:46:02"] Joining bugs with PRs...
Wrote joined CSV: /home/runner/work/ai-zero-defect-qa-toolkit/ai-zero-defect-qa-toolkit/public/bug_with_pr_link.csv
["2025-10-30 10:46:02"] Generating KPIs...
python3: can't open file '/home/runner/work/ai-zero-defect-qa-toolkit/ai-zero-defect-qa-toolkit/zero-defect-dashboard/generate_kpis_from_join.py': [Errno 2] No such file or directory
["2025-10-30 10:46:02"] Refresh complete
["2025-10-30 11:19:54"] Starting Zero-Defect data refresh
["2025-10-30 11:19:54"] Fetching Jira bugs...
python3: can't open file '/home/runner/work/ai-zero-defect-qa-toolkit/ai-zero-defect-qa-toolkit/fetch_mcp_bugs.py': [Errno 2] No such file or directory
["2025-10-30 11:19:54"] Fetching GitHub PR matches (last 2y)...
python3: can't open file '/home/runner/work/ai-zero-defect-qa-toolkit/ai-zero-defect-qa-toolkit/fetch_github_prs_last_2y.py': [Errno 2] No such file or directory
["2025-10-30 11:19:54"] Joining bugs with PRs...
Wrote joined CSV: /home/runner/work/ai-zero-defect-qa-toolkit/ai-zero-defect-qa-toolkit/public/bug_with_pr_link.csv
["2025-10-30 11:19:54"] Generating KPIs...
python3: can't open file '/home/runner/work/ai-zero-defect-qa-toolkit/ai-zero-defect-qa-toolkit/zero-defect-dashboard/generate_kpis_from_join.py': [Errno 2] No such file or directory
["2025-10-30 11:19:54"] Refresh complete
["2025-10-30 11:40:07"] Starting Zero-Defect data refresh
["2025-10-30 11:40:07"] Fetching Jira bugs...
python3: can't open file '/home/runner/work/ai-zero-defect-qa-toolkit/ai-zero-defect-qa-toolkit/fetch_mcp_bugs.py': [Errno 2] No such file or directory
["2025-10-30 11:40:07"] Fetching GitHub PR matches (last 2y)...
python3: can't open file '/home/runner/work/ai-zero-defect-qa-toolkit/ai-zero-defect-qa-toolkit/fetch_github_prs_last_2y.py': [Errno 2] No such file or directory
["2025-10-30 11:40:07"] Joining bugs with PRs...
Wrote joined CSV: /home/runner/work/ai-zero-defect-qa-toolkit/ai-zero-defect-qa-toolkit/public/bug_with_pr_link.csv
["2025-10-30 11:40:07"] Generating KPIs...
python3: can't open file '/home/runner/work/ai-zero-defect-qa-toolkit/ai-zero-defect-qa-toolkit/zero-defect-dashboard/generate_kpis_from_join.py': [Errno 2] No such file or directory
["2025-10-30 11:40:07"] Refresh complete
["2025-10-30 11:52:46"] Starting Zero-Defect data refresh
["2025-10-30 11:52:46"] Fetching Jira bugs...
python3: can't open file '/home/runner/work/ai-zero-defect-qa-toolkit/ai-zero-defect-qa-toolkit/fetch_mcp_bugs.py': [Errno 2] No such file or directory
["2025-10-30 11:52:46"] Fetching GitHub PR matches (last 2y)...
python3: can't open file '/home/runner/work/ai-zero-defect-qa-toolkit/ai-zero-defect-qa-toolkit/fetch_github_prs_last_2y.py': [Errno 2] No such file or directory
["2025-10-30 11:52:46"] Joining bugs with PRs...
Wrote joined CSV: /home/runner/work/ai-zero-defect-qa-toolkit/ai-zero-defect-qa-toolkit/public/bug_with_pr_link.csv
["2025-10-30 11:52:46"] Generating KPIs...
python3: can't open file '/home/runner/work/ai-zero-defect-qa-toolkit/ai-zero-defect-qa-toolkit/zero-defect-dashboard/generate_kpis_from_join.py': [Errno 2] No such file or directory
["2025-10-30 11:52:46"] Refresh complete
